[03:42:17] [ServerMain/INFO]: [bootstrap] Running Java 21 (OpenJDK 64-Bit Server VM 21.0.6+7-Ubuntu-120.04.1; Ubuntu null) on Linux 6.8.0-1021-azure (amd64)
[03:42:17] [ServerMain/INFO]: [bootstrap] Loading Paper 1.21.1-57-master@b483da4 (2024-09-01T18:09:05Z) for Minecraft 1.21.1
[03:42:17] [ServerMain/INFO]: [PluginInitializerManager] Initializing plugins...
[03:42:17] [ServerMain/INFO]: [PluginInitializerManager] Initialized 0 plugins
[03:42:24] [ServerMain/INFO]: Environment: Environment[sessionHost=https://sessionserver.mojang.com, servicesHost=https://api.minecraftservices.com, name=PROD]
[03:42:27] [ServerMain/INFO]: Loaded 1290 recipes
[03:42:28] [ServerMain/INFO]: Loaded 1399 advancements
[03:42:28] [Server thread/INFO]: Starting minecraft server version 1.21.1
[03:42:28] [Server thread/INFO]: Loading properties
[03:42:28] [Server thread/INFO]: This server is running Paper version 1.21.1-57-master@b483da4 (2024-09-01T18:09:05Z) (Implementing API version 1.21.1-R0.1-SNAPSHOT)
[03:42:29] [Server thread/INFO]: [spark] This server bundles the spark profiler. For more information please visit https://docs.papermc.io/paper/profiling
[03:42:29] [Server thread/INFO]: Server Ping Player Sample Count: 12
[03:42:29] [Server thread/INFO]: Using 4 threads for Netty based IO
[03:42:30] [Server thread/INFO]: [ChunkTaskScheduler] Chunk system is using 1 I/O threads, 1 worker threads, and population gen parallelism of 1 threads
[03:42:31] [Server thread/INFO]: Default game type: SURVIVAL
[03:42:31] [Server thread/INFO]: Generating keypair
[03:42:31] [Server thread/INFO]: Starting Minecraft server on *:25565
[03:42:31] [Server thread/INFO]: Using epoll channel type
[03:42:31] [Server thread/INFO]: Paper: Using libdeflate (Linux x86_64) compression from Velocity.
[03:42:31] [Server thread/INFO]: Paper: Using OpenSSL 1.1.x (Linux x86_64) cipher from Velocity.
[03:42:31] [Server thread/INFO]: Server permissions file permissions.yml is empty, ignoring it
[03:42:31] [Server thread/WARN]: **** SERVER IS RUNNING IN OFFLINE/INSECURE MODE!
[03:42:31] [Server thread/WARN]: The server will make no attempt to authenticate usernames. Beware.
[03:42:31] [Server thread/WARN]: While this makes the game possible to play without internet access, it also opens up the ability for hackers to connect with any username they choose.
[03:42:31] [Server thread/WARN]: To change this, set "online-mode" to "true" in the server.properties file.
[03:42:31] [Server thread/INFO]: Preparing level "world"
[03:42:32] [Server thread/INFO]: Preparing start region for dimension minecraft:overworld
[03:42:34] [Server thread/INFO]: Time elapsed: 2448 ms
[03:42:34] [Server thread/INFO]: Preparing start region for dimension minecraft:the_nether
[03:42:35] [Server thread/INFO]: Time elapsed: 329 ms
[03:42:35] [Server thread/INFO]: Preparing start region for dimension minecraft:the_end
[03:42:35] [Server thread/INFO]: Time elapsed: 192 ms
[03:42:35] [Server thread/INFO]: [spark] Starting background profiler...
[03:42:35] [Server thread/INFO]: Done preparing level "world" (4.251s)
[03:42:35] [Server thread/INFO]: Running delayed init tasks
[03:42:35] [Server thread/INFO]: Done (19.984s)! For help, type "help"
[03:42:35] [Server thread/INFO]: Timings Reset
